<?xml version="1.0" encoding="UTF-8"?>
<testng-results ignored="0" total="7" passed="6" failed="1" skipped="0">
  <reporter-output>
  </reporter-output>
  <suite started-at="2021-12-02T16:17:25 IST" name="ChallengeSwagLabs Suite" finished-at="2021-12-02T16:18:14 IST" duration-ms="49105">
    <groups>
    </groups>
    <test started-at="2021-12-02T16:17:25 IST" name="VerifyLogin" finished-at="2021-12-02T16:18:14 IST" duration-ms="49105">
      <class name="com.TestCases.VerifyLogin">
        <test-method signature="verifyLogin_usernameBlank()[pri:1, instance:com.TestCases.VerifyLogin@79b06cab]" started-at="2021-12-02T16:17:25 IST" name="verifyLogin_usernameBlank" finished-at="2021-12-02T16:17:33 IST" duration-ms="7984" status="PASS">
          <reporter-output>
          </reporter-output>
        </test-method> <!-- verifyLogin_usernameBlank -->
        <test-method is-config="true" signature="tearDown(org.testng.ITestResult)[pri:0, instance:com.TestCases.VerifyLogin@79b06cab]" started-at="2021-12-02T16:17:33 IST" name="tearDown" finished-at="2021-12-02T16:17:34 IST" duration-ms="422" status="PASS">
          <params>
            <param index="0">
              <value>
                <![CDATA[[TestResult name=verifyLogin_usernameBlank status=SUCCESS method=VerifyLogin.verifyLogin_usernameBlank()[pri:1, instance:com.TestCases.VerifyLogin@79b06cab] output={null}]]]>
              </value>
            </param>
          </params>
          <reporter-output>
          </reporter-output>
        </test-method> <!-- tearDown -->
        <test-method signature="verifyLogin_pwdBlank()[pri:2, instance:com.TestCases.VerifyLogin@79b06cab]" started-at="2021-12-02T16:17:34 IST" name="verifyLogin_pwdBlank" finished-at="2021-12-02T16:17:39 IST" duration-ms="4893" status="PASS">
          <reporter-output>
          </reporter-output>
        </test-method> <!-- verifyLogin_pwdBlank -->
        <test-method is-config="true" signature="tearDown(org.testng.ITestResult)[pri:0, instance:com.TestCases.VerifyLogin@79b06cab]" started-at="2021-12-02T16:17:39 IST" name="tearDown" finished-at="2021-12-02T16:17:39 IST" duration-ms="386" status="PASS">
          <params>
            <param index="0">
              <value>
                <![CDATA[[TestResult name=verifyLogin_pwdBlank status=SUCCESS method=VerifyLogin.verifyLogin_pwdBlank()[pri:2, instance:com.TestCases.VerifyLogin@79b06cab] output={null}]]]>
              </value>
            </param>
          </params>
          <reporter-output>
          </reporter-output>
        </test-method> <!-- tearDown -->
        <test-method signature="verifyLogin_wronguser()[pri:3, instance:com.TestCases.VerifyLogin@79b06cab]" started-at="2021-12-02T16:17:39 IST" name="verifyLogin_wronguser" finished-at="2021-12-02T16:17:45 IST" duration-ms="5642" status="PASS">
          <reporter-output>
          </reporter-output>
        </test-method> <!-- verifyLogin_wronguser -->
        <test-method is-config="true" signature="tearDown(org.testng.ITestResult)[pri:0, instance:com.TestCases.VerifyLogin@79b06cab]" started-at="2021-12-02T16:17:45 IST" name="tearDown" finished-at="2021-12-02T16:17:45 IST" duration-ms="712" status="PASS">
          <params>
            <param index="0">
              <value>
                <![CDATA[[TestResult name=verifyLogin_wronguser status=SUCCESS method=VerifyLogin.verifyLogin_wronguser()[pri:3, instance:com.TestCases.VerifyLogin@79b06cab] output={null}]]]>
              </value>
            </param>
          </params>
          <reporter-output>
          </reporter-output>
        </test-method> <!-- tearDown -->
        <test-method signature="verifyLogin_wrongpwd()[pri:4, instance:com.TestCases.VerifyLogin@79b06cab]" started-at="2021-12-02T16:17:45 IST" name="verifyLogin_wrongpwd" finished-at="2021-12-02T16:17:51 IST" duration-ms="5933" status="PASS">
          <reporter-output>
          </reporter-output>
        </test-method> <!-- verifyLogin_wrongpwd -->
        <test-method is-config="true" signature="tearDown(org.testng.ITestResult)[pri:0, instance:com.TestCases.VerifyLogin@79b06cab]" started-at="2021-12-02T16:17:51 IST" name="tearDown" finished-at="2021-12-02T16:17:52 IST" duration-ms="403" status="PASS">
          <params>
            <param index="0">
              <value>
                <![CDATA[[TestResult name=verifyLogin_wrongpwd status=SUCCESS method=VerifyLogin.verifyLogin_wrongpwd()[pri:4, instance:com.TestCases.VerifyLogin@79b06cab] output={null}]]]>
              </value>
            </param>
          </params>
          <reporter-output>
          </reporter-output>
        </test-method> <!-- tearDown -->
        <test-method signature="verifyLogin_correct()[pri:5, instance:com.TestCases.VerifyLogin@79b06cab]" started-at="2021-12-02T16:17:52 IST" name="verifyLogin_correct" finished-at="2021-12-02T16:18:02 IST" duration-ms="10333" status="PASS">
          <reporter-output>
          </reporter-output>
        </test-method> <!-- verifyLogin_correct -->
        <test-method is-config="true" signature="tearDown(org.testng.ITestResult)[pri:0, instance:com.TestCases.VerifyLogin@79b06cab]" started-at="2021-12-02T16:18:02 IST" name="tearDown" finished-at="2021-12-02T16:18:03 IST" duration-ms="615" status="PASS">
          <params>
            <param index="0">
              <value>
                <![CDATA[[TestResult name=verifyLogin_correct status=SUCCESS method=VerifyLogin.verifyLogin_correct()[pri:5, instance:com.TestCases.VerifyLogin@79b06cab] output={null}]]]>
              </value>
            </param>
          </params>
          <reporter-output>
          </reporter-output>
        </test-method> <!-- tearDown -->
        <test-method signature="verifyDiscount()[pri:6, instance:com.TestCases.VerifyLogin@79b06cab]" started-at="2021-12-02T16:18:03 IST" name="verifyDiscount" finished-at="2021-12-02T16:18:08 IST" duration-ms="5389" status="PASS">
          <reporter-output>
          </reporter-output>
        </test-method> <!-- verifyDiscount -->
        <test-method is-config="true" signature="tearDown(org.testng.ITestResult)[pri:0, instance:com.TestCases.VerifyLogin@79b06cab]" started-at="2021-12-02T16:18:08 IST" name="tearDown" finished-at="2021-12-02T16:18:08 IST" duration-ms="441" status="PASS">
          <params>
            <param index="0">
              <value>
                <![CDATA[[TestResult name=verifyDiscount status=SUCCESS method=VerifyLogin.verifyDiscount()[pri:6, instance:com.TestCases.VerifyLogin@79b06cab] output={null}]]]>
              </value>
            </param>
          </params>
          <reporter-output>
          </reporter-output>
        </test-method> <!-- tearDown -->
        <test-method signature="verifyLogin_invalid()[pri:6, instance:com.TestCases.VerifyLogin@79b06cab]" started-at="2021-12-02T16:18:08 IST" name="verifyLogin_invalid" finished-at="2021-12-02T16:18:14 IST" duration-ms="5258" status="FAIL">
          <exception class="org.openqa.selenium.NoSuchElementException">
            <message>
              <![CDATA[no such element: Unable to locate element: {"method":"css selector","selector":".title"}
  (Session info: chrome=96.0.4664.45)
For documentation on this error, please visit: http://seleniumhq.org/exceptions/no_such_element.html
Build info: version: '3.14.0', revision: 'aacccce0', time: '2018-08-02T20:19:58.91Z'
System info: host: 'DESKTOP-AMN5S2C', ip: '172.20.128.1', os.name: 'Windows 10', os.arch: 'amd64', os.version: '10.0', java.version: '15.0.2'
Driver info: org.openqa.selenium.chrome.ChromeDriver
Capabilities {acceptInsecureCerts: false, browserName: chrome, browserVersion: 96.0.4664.45, chrome: {chromedriverVersion: 96.0.4664.45 (76e4c1bb2ab46..., userDataDir: C:\Users\dell\AppData\Local...}, goog:chromeOptions: {debuggerAddress: localhost:53912}, javascriptEnabled: true, networkConnectionEnabled: false, pageLoadStrategy: normal, platform: WINDOWS, platformName: WINDOWS, proxy: Proxy(), setWindowRect: true, strictFileInteractability: false, timeouts: {implicit: 0, pageLoad: 300000, script: 30000}, unhandledPromptBehavior: dismiss and notify, webauthn:extension:credBlob: true, webauthn:extension:largeBlob: true, webauthn:virtualAuthenticators: true}
Session ID: 227fb92fc32ae8e8cc0971d1aba6f6d5
*** Element info: {Using=css selector, value=.title}]]>
            </message>
            <full-stacktrace>
              <![CDATA[org.openqa.selenium.NoSuchElementException: no such element: Unable to locate element: {"method":"css selector","selector":".title"}
  (Session info: chrome=96.0.4664.45)
For documentation on this error, please visit: http://seleniumhq.org/exceptions/no_such_element.html
Build info: version: '3.14.0', revision: 'aacccce0', time: '2018-08-02T20:19:58.91Z'
System info: host: 'DESKTOP-AMN5S2C', ip: '172.20.128.1', os.name: 'Windows 10', os.arch: 'amd64', os.version: '10.0', java.version: '15.0.2'
Driver info: org.openqa.selenium.chrome.ChromeDriver
Capabilities {acceptInsecureCerts: false, browserName: chrome, browserVersion: 96.0.4664.45, chrome: {chromedriverVersion: 96.0.4664.45 (76e4c1bb2ab46..., userDataDir: C:\Users\dell\AppData\Local...}, goog:chromeOptions: {debuggerAddress: localhost:53912}, javascriptEnabled: true, networkConnectionEnabled: false, pageLoadStrategy: normal, platform: WINDOWS, platformName: WINDOWS, proxy: Proxy(), setWindowRect: true, strictFileInteractability: false, timeouts: {implicit: 0, pageLoad: 300000, script: 30000}, unhandledPromptBehavior: dismiss and notify, webauthn:extension:credBlob: true, webauthn:extension:largeBlob: true, webauthn:virtualAuthenticators: true}
Session ID: 227fb92fc32ae8e8cc0971d1aba6f6d5
*** Element info: {Using=css selector, value=.title}
at java.base/jdk.internal.reflect.NativeConstructorAccessorImpl.newInstance0(Native Method)
at java.base/jdk.internal.reflect.NativeConstructorAccessorImpl.newInstance(NativeConstructorAccessorImpl.java:64)
at java.base/jdk.internal.reflect.DelegatingConstructorAccessorImpl.newInstance(DelegatingConstructorAccessorImpl.java:45)
at java.base/java.lang.reflect.Constructor.newInstanceWithCaller(Constructor.java:500)
at java.base/java.lang.reflect.Constructor.newInstance(Constructor.java:481)
at org.openqa.selenium.remote.http.W3CHttpResponseCodec.createException(W3CHttpResponseCodec.java:187)
at org.openqa.selenium.remote.http.W3CHttpResponseCodec.decode(W3CHttpResponseCodec.java:122)
at org.openqa.selenium.remote.http.W3CHttpResponseCodec.decode(W3CHttpResponseCodec.java:49)
at org.openqa.selenium.remote.HttpCommandExecutor.execute(HttpCommandExecutor.java:158)
at org.openqa.selenium.remote.service.DriverCommandExecutor.execute(DriverCommandExecutor.java:83)
at org.openqa.selenium.remote.RemoteWebDriver.execute(RemoteWebDriver.java:548)
at org.openqa.selenium.remote.RemoteWebDriver.findElement(RemoteWebDriver.java:322)
at org.openqa.selenium.remote.RemoteWebDriver.findElementByCssSelector(RemoteWebDriver.java:416)
at org.openqa.selenium.By$ByCssSelector.findElement(By.java:431)
at org.openqa.selenium.remote.RemoteWebDriver.findElement(RemoteWebDriver.java:314)
at org.openqa.selenium.support.pagefactory.DefaultElementLocator.findElement(DefaultElementLocator.java:69)
at org.openqa.selenium.support.pagefactory.internal.LocatingElementHandler.invoke(LocatingElementHandler.java:38)
at com.sun.proxy.$Proxy11.getText(Unknown Source)
at com.Pages.AgentLoginPage.getTitle(AgentLoginPage.java:126)
at com.TestCases.VerifyLogin.verifyLogin_invalid(VerifyLogin.java:193)
at java.base/jdk.internal.reflect.NativeMethodAccessorImpl.invoke0(Native Method)
at java.base/jdk.internal.reflect.NativeMethodAccessorImpl.invoke(NativeMethodAccessorImpl.java:64)
at java.base/jdk.internal.reflect.DelegatingMethodAccessorImpl.invoke(DelegatingMethodAccessorImpl.java:43)
at java.base/java.lang.reflect.Method.invoke(Method.java:564)
at org.testng.internal.MethodInvocationHelper.invokeMethod(MethodInvocationHelper.java:134)
at org.testng.internal.TestInvoker.invokeMethod(TestInvoker.java:597)
at org.testng.internal.TestInvoker.invokeTestMethod(TestInvoker.java:173)
at org.testng.internal.MethodRunner.runInSequence(MethodRunner.java:46)
at org.testng.internal.TestInvoker$MethodInvocationAgent.invoke(TestInvoker.java:816)
at org.testng.internal.TestInvoker.invokeTestMethods(TestInvoker.java:146)
at org.testng.internal.TestMethodWorker.invokeTestMethods(TestMethodWorker.java:146)
at org.testng.internal.TestMethodWorker.run(TestMethodWorker.java:128)
at java.base/java.util.ArrayList.forEach(ArrayList.java:1511)
at org.testng.TestRunner.privateRun(TestRunner.java:766)
at org.testng.TestRunner.run(TestRunner.java:587)
at org.testng.SuiteRunner.runTest(SuiteRunner.java:384)
at org.testng.SuiteRunner.access$000(SuiteRunner.java:28)
at org.testng.SuiteRunner$SuiteWorker.run(SuiteRunner.java:425)
at org.testng.internal.thread.ThreadUtil.lambda$execute$0(ThreadUtil.java:68)
at java.base/java.util.concurrent.FutureTask.run(FutureTask.java:264)
at java.base/java.util.concurrent.ThreadPoolExecutor.runWorker(ThreadPoolExecutor.java:1130)
at java.base/java.util.concurrent.ThreadPoolExecutor$Worker.run(ThreadPoolExecutor.java:630)
at java.base/java.lang.Thread.run(Thread.java:832)
]]>
            </full-stacktrace>
          </exception> <!-- org.openqa.selenium.NoSuchElementException -->
          <reporter-output>
          </reporter-output>
        </test-method> <!-- verifyLogin_invalid -->
        <test-method is-config="true" signature="tearDown(org.testng.ITestResult)[pri:0, instance:com.TestCases.VerifyLogin@79b06cab]" started-at="2021-12-02T16:18:14 IST" name="tearDown" finished-at="2021-12-02T16:18:14 IST" duration-ms="598" status="PASS">
          <params>
            <param index="0">
              <value>
                <![CDATA[[TestResult name=verifyLogin_invalid status=FAILURE method=VerifyLogin.verifyLogin_invalid()[pri:6, instance:com.TestCases.VerifyLogin@79b06cab] output={null}]]]>
              </value>
            </param>
          </params>
          <reporter-output>
          </reporter-output>
        </test-method> <!-- tearDown -->
      </class> <!-- com.TestCases.VerifyLogin -->
    </test> <!-- VerifyLogin -->
  </suite> <!-- ChallengeSwagLabs Suite -->
</testng-results>
